<?xml version="1.0" encoding="UTF-8"?>
<!-- Generated by org.testng.reporters.JUnitReportReporter -->
<testsuite hostname="LTIN257953" failures="0" tests="6" name="TestCases.Test_GiftCard" time="105.753" errors="0" timestamp="2024-03-27T11:33:10 IST" skipped="0">
  <testcase classname="TestCases.Test_GiftCard" name="goToGiftCard" time="43.831"/>
  <testcase classname="TestCases.Test_GiftCard" name="goToGiftCard" time="41.550"/>
  <testcase classname="TestCases.Test_GiftCard" name="getgiftCard" time="1.241"/>
  <testcase classname="TestCases.Test_GiftCard" name="getgiftCard" time="0.878"/>
  <testcase classname="TestCases.Test_GiftCard" name="allDetailsGiftCard" time="6.912"/>
  <testcase classname="TestCases.Test_GiftCard" name="allDetailsGiftCard" time="11.341"/>
</testsuite> <!-- TestCases.Test_GiftCard -->
