<?xml version="1.0" encoding="UTF-8"?>
<!-- Generated by org.testng.reporters.JUnitReportReporter -->
<testsuite hostname="LTIN257953" failures="0" tests="8" name="TestCases.Test_Bookshelves" time="22.678" errors="0" timestamp="2024-03-27T11:33:10 IST" skipped="0">
  <testcase classname="TestCases.Test_Bookshelves" name="test1" time="5.175"/>
  <testcase classname="TestCases.Test_Bookshelves" name="test1" time="2.499"/>
  <testcase classname="TestCases.Test_Bookshelves" name="storageType" time="4.266"/>
  <testcase classname="TestCases.Test_Bookshelves" name="storageType" time="4.076"/>
  <testcase classname="TestCases.Test_Bookshelves" name="setMaxPrice" time="1.520"/>
  <testcase classname="TestCases.Test_Bookshelves" name="setMaxPrice" time="1.579"/>
  <testcase classname="TestCases.Test_Bookshelves" name="printNameandPrice" time="2.061"/>
  <testcase classname="TestCases.Test_Bookshelves" name="printNameandPrice" time="1.502"/>
</testsuite> <!-- TestCases.Test_Bookshelves -->
