<?xml version="1.0" encoding="UTF-8"?>
<!-- Generated by org.testng.reporters.JUnitReportReporter -->
<testsuite hostname="LTIN257953" failures="0" tests="6" name="TestCases.StudyChairTestCase" time="21.320" errors="0" timestamp="2024-03-27T11:33:10 IST" skipped="0">
  <testcase classname="TestCases.StudyChairTestCase" name="goToStudyChair" time="4.105"/>
  <testcase classname="TestCases.StudyChairTestCase" name="goToStudyChair" time="5.635"/>
  <testcase classname="TestCases.StudyChairTestCase" name="showStudyChair" time="4.873"/>
  <testcase classname="TestCases.StudyChairTestCase" name="showStudyChair" time="5.242"/>
  <testcase classname="TestCases.StudyChairTestCase" name="printChairDetials" time="0.575"/>
  <testcase classname="TestCases.StudyChairTestCase" name="printChairDetials" time="0.890"/>
</testsuite> <!-- TestCases.StudyChairTestCase -->
